Arguments: 
  /usr/local/bin/node /usr/local/Cellar/yarn/1.5.1_1/libexec/bin/yarn.js install

PATH: 
  ./bin:./node_modules/.bin:/Users/macbookpro/.rbenv/shims:/Users/macbookpro/.rbenv/bin:/usr/bin:/bin:/usr/sbin:/sbin:/usr/local/bin:/usr/local/sbin

Yarn version: 
  1.5.1

Node version: 
  10.8.0

Platform: 
  darwin x64

npm manifest: 
  {
    "name": "empty-project-template",
    "main": "node_modules/expo/AppEntry.js",
    "private": true,
    "scripts": {
      "start": "expo start",
      "android": "expo start --android",
      "ios": "expo start --ios",
      "eject": "expo eject"
    },
    "dependencies": {
      "@expo/vector-icons": "^6.3.1",
      "expo": "^29.0.0",
      "native-base": "^2.7.2",
      "react": "16.3.1",
      "react-native": "https://github.com/expo/react-native/archive/sdk-29.0.0.tar.gz",
      "react-native-elements": "^0.19.1",
      "react-navigation": "^2.9.3",
      "styled-components": "^3.3.3"
    },
    "devDependencies": {
      "babel": "^6.23.0",
      "babel-plugin-module-alias": "^1.6.0",
      "babel-plugin-module-resolver": "^3.1.1"
    }
  }

yarn manifest: 
  No manifest

Lockfile: 
  No lockfile

Trace: 
  Error: https://registry.yarnpkg.com/@expo%2fvector-icons: ETIMEDOUT
      at Timeout._onTimeout (/usr/local/Cellar/yarn/1.5.1_1/libexec/lib/cli.js:133094:19)
      at ontimeout (timers.js:424:11)
      at tryOnTimeout (timers.js:288:5)
      at listOnTimeout (timers.js:251:5)
      at Timer.processTimers (timers.js:211:10)
